        -:    0:Source:C:/Users/Lenovo/CLionProjects/CSC382/TicTacToe/TicTacToeTests.cpp
        -:    0:Graph:C:\Users\Lenovo\CLionProjects\CSC382\TicTacToe\cmake-build-debug-coverage\CMakeFiles\TicTacToe.dir\TicTacToeTests.cpp.gcno
        -:    0:Data:C:\Users\Lenovo\CLionProjects\CSC382\TicTacToe\cmake-build-debug-coverage\CMakeFiles\TicTacToe.dir\TicTacToeTests.cpp.gcda
        -:    0:Runs:1
        -:    1://
        -:    2:// Created by Lenovo on 4/20/2023.
        -:    3://
        -:    4:#define CATCH_CONFIG_MAIN
        -:    5:
        -:    6:#include "catch.hpp"
        -:    7:#include <iostream>
        -:    8:#include "myModel.cpp"
        -:    9:using namespace std;
        -:   10:
function _ZL19C_A_T_C_H_T_E_S_T_0v called 1 returned 100% blocks executed 40%
        1:   11:TEST_CASE("Test validMove") {
        1:   12:    MyModel model;
        1:   12-block  0
call    0 returned 1
branch  1 taken 1 (fallthrough)
branch  2 taken 0 (throw)
        1:   13:    REQUIRE(model.validMove(0, 0) == true);
        1:   13-block  0
call    0 returned 1
call    1 returned 1
call    2 returned 1
call    3 returned 1
branch  4 taken 1 (fallthrough)
branch  5 taken 0 (throw)
        1:   13-block  1
call    6 returned 1
call    7 returned 1
branch  8 taken 1 (fallthrough)
branch  9 taken 0 (throw)
        1:   13-block  2
call   10 returned 1
branch 11 taken 1 (fallthrough)
branch 12 taken 0 (throw)
        1:   13-block  3
call   13 returned 1
branch 14 taken 1 (fallthrough)
branch 15 taken 0 (throw)
        1:   13-block  4
call   16 returned 1
        1:   13-block  5
call   17 returned 1
branch 18 taken 1 (fallthrough)
branch 19 taken 0 (throw)
        1:   13-block  6
call   20 returned 1
    $$$$$:   13-block  7
    $$$$$:   13-block  8
    $$$$$:   13-block  9
    $$$$$:   13-block 10
call   21 never executed
    $$$$$:   13-block 11
    $$$$$:   13-block 12
    $$$$$:   13-block 13
    $$$$$:   13-block 14
    $$$$$:   13-block 15
call   22 never executed
call   23 never executed
branch 24 never executed
branch 25 never executed
    $$$$$:   13-block 16
call   26 never executed
branch 27 never executed
branch 28 never executed
    $$$$$:   13-block 17
call   29 never executed
    $$$$$:   13-block 18
call   30 never executed
        1:   14:    REQUIRE(model.validMove(0, 1) == true);
        1:   14-block  0
call    0 returned 1
call    1 returned 1
call    2 returned 1
call    3 returned 1
branch  4 taken 1 (fallthrough)
branch  5 taken 0 (throw)
        1:   14-block  1
call    6 returned 1
call    7 returned 1
branch  8 taken 1 (fallthrough)
branch  9 taken 0 (throw)
        1:   14-block  2
call   10 returned 1
branch 11 taken 1 (fallthrough)
branch 12 taken 0 (throw)
        1:   14-block  3
call   13 returned 1
branch 14 taken 1 (fallthrough)
branch 15 taken 0 (throw)
        1:   14-block  4
call   16 returned 1
        1:   14-block  5
call   17 returned 1
branch 18 taken 1 (fallthrough)
branch 19 taken 0 (throw)
        1:   14-block  6
call   20 returned 1
    $$$$$:   14-block  7
    $$$$$:   14-block  8
    $$$$$:   14-block  9
    $$$$$:   14-block 10
call   21 never executed
    $$$$$:   14-block 11
    $$$$$:   14-block 12
    $$$$$:   14-block 13
    $$$$$:   14-block 14
    $$$$$:   14-block 15
call   22 never executed
call   23 never executed
branch 24 never executed
branch 25 never executed
    $$$$$:   14-block 16
call   26 never executed
branch 27 never executed
branch 28 never executed
    $$$$$:   14-block 17
call   29 never executed
    $$$$$:   14-block 18
call   30 never executed
        1:   15:    REQUIRE(model.validMove(0, 2) == true);
        1:   15-block  0
call    0 returned 1
call    1 returned 1
call    2 returned 1
call    3 returned 1
branch  4 taken 1 (fallthrough)
branch  5 taken 0 (throw)
        1:   15-block  1
call    6 returned 1
call    7 returned 1
branch  8 taken 1 (fallthrough)
branch  9 taken 0 (throw)
        1:   15-block  2
call   10 returned 1
branch 11 taken 1 (fallthrough)
branch 12 taken 0 (throw)
        1:   15-block  3
call   13 returned 1
branch 14 taken 1 (fallthrough)
branch 15 taken 0 (throw)
        1:   15-block  4
call   16 returned 1
        1:   15-block  5
call   17 returned 1
branch 18 taken 1 (fallthrough)
branch 19 taken 0 (throw)
        1:   15-block  6
call   20 returned 1
    $$$$$:   15-block  7
    $$$$$:   15-block  8
    $$$$$:   15-block  9
    $$$$$:   15-block 10
call   21 never executed
    $$$$$:   15-block 11
    $$$$$:   15-block 12
    $$$$$:   15-block 13
    $$$$$:   15-block 14
    $$$$$:   15-block 15
call   22 never executed
call   23 never executed
branch 24 never executed
branch 25 never executed
    $$$$$:   15-block 16
call   26 never executed
branch 27 never executed
branch 28 never executed
    $$$$$:   15-block 17
call   29 never executed
    $$$$$:   15-block 18
call   30 never executed
        -:   16:
        1:   17:    REQUIRE(model.validMove(1, 0) == true);
        1:   17-block  0
call    0 returned 1
call    1 returned 1
call    2 returned 1
call    3 returned 1
branch  4 taken 1 (fallthrough)
branch  5 taken 0 (throw)
        1:   17-block  1
call    6 returned 1
call    7 returned 1
branch  8 taken 1 (fallthrough)
branch  9 taken 0 (throw)
        1:   17-block  2
call   10 returned 1
branch 11 taken 1 (fallthrough)
branch 12 taken 0 (throw)
        1:   17-block  3
call   13 returned 1
branch 14 taken 1 (fallthrough)
branch 15 taken 0 (throw)
        1:   17-block  4
call   16 returned 1
        1:   17-block  5
call   17 returned 1
branch 18 taken 1 (fallthrough)
branch 19 taken 0 (throw)
        1:   17-block  6
call   20 returned 1
    $$$$$:   17-block  7
    $$$$$:   17-block  8
    $$$$$:   17-block  9
    $$$$$:   17-block 10
call   21 never executed
    $$$$$:   17-block 11
    $$$$$:   17-block 12
    $$$$$:   17-block 13
    $$$$$:   17-block 14
    $$$$$:   17-block 15
call   22 never executed
call   23 never executed
branch 24 never executed
branch 25 never executed
    $$$$$:   17-block 16
call   26 never executed
branch 27 never executed
branch 28 never executed
    $$$$$:   17-block 17
call   29 never executed
    $$$$$:   17-block 18
call   30 never executed
        1:   18:    REQUIRE(model.validMove(1, 1) == true);
        1:   18-block  0
call    0 returned 1
call    1 returned 1
call    2 returned 1
call    3 returned 1
branch  4 taken 1 (fallthrough)
branch  5 taken 0 (throw)
        1:   18-block  1
call    6 returned 1
call    7 returned 1
branch  8 taken 1 (fallthrough)
branch  9 taken 0 (throw)
        1:   18-block  2
call   10 returned 1
branch 11 taken 1 (fallthrough)
branch 12 taken 0 (throw)
        1:   18-block  3
call   13 returned 1
branch 14 taken 1 (fallthrough)
branch 15 taken 0 (throw)
        1:   18-block  4
call   16 returned 1
        1:   18-block  5
call   17 returned 1
branch 18 taken 1 (fallthrough)
branch 19 taken 0 (throw)
        1:   18-block  6
call   20 returned 1
    $$$$$:   18-block  7
    $$$$$:   18-block  8
    $$$$$:   18-block  9
    $$$$$:   18-block 10
call   21 never executed
    $$$$$:   18-block 11
    $$$$$:   18-block 12
    $$$$$:   18-block 13
    $$$$$:   18-block 14
    $$$$$:   18-block 15
call   22 never executed
call   23 never executed
branch 24 never executed
branch 25 never executed
    $$$$$:   18-block 16
call   26 never executed
branch 27 never executed
branch 28 never executed
    $$$$$:   18-block 17
call   29 never executed
    $$$$$:   18-block 18
call   30 never executed
        1:   19:    REQUIRE(model.validMove(1, 2) == true);
        1:   19-block  0
call    0 returned 1
call    1 returned 1
call    2 returned 1
call    3 returned 1
branch  4 taken 1 (fallthrough)
branch  5 taken 0 (throw)
        1:   19-block  1
call    6 returned 1
call    7 returned 1
branch  8 taken 1 (fallthrough)
branch  9 taken 0 (throw)
        1:   19-block  2
call   10 returned 1
branch 11 taken 1 (fallthrough)
branch 12 taken 0 (throw)
        1:   19-block  3
call   13 returned 1
branch 14 taken 1 (fallthrough)
branch 15 taken 0 (throw)
        1:   19-block  4
call   16 returned 1
        1:   19-block  5
call   17 returned 1
branch 18 taken 1 (fallthrough)
branch 19 taken 0 (throw)
        1:   19-block  6
call   20 returned 1
    $$$$$:   19-block  7
    $$$$$:   19-block  8
    $$$$$:   19-block  9
    $$$$$:   19-block 10
call   21 never executed
    $$$$$:   19-block 11
    $$$$$:   19-block 12
    $$$$$:   19-block 13
    $$$$$:   19-block 14
    $$$$$:   19-block 15
call   22 never executed
call   23 never executed
branch 24 never executed
branch 25 never executed
    $$$$$:   19-block 16
call   26 never executed
branch 27 never executed
branch 28 never executed
    $$$$$:   19-block 17
call   29 never executed
    $$$$$:   19-block 18
call   30 never executed
        -:   20:
        1:   21:    REQUIRE(model.validMove(2, 0) == true);
        1:   21-block  0
call    0 returned 1
call    1 returned 1
call    2 returned 1
call    3 returned 1
branch  4 taken 1 (fallthrough)
branch  5 taken 0 (throw)
        1:   21-block  1
call    6 returned 1
call    7 returned 1
branch  8 taken 1 (fallthrough)
branch  9 taken 0 (throw)
        1:   21-block  2
call   10 returned 1
branch 11 taken 1 (fallthrough)
branch 12 taken 0 (throw)
        1:   21-block  3
call   13 returned 1
branch 14 taken 1 (fallthrough)
branch 15 taken 0 (throw)
        1:   21-block  4
call   16 returned 1
        1:   21-block  5
call   17 returned 1
branch 18 taken 1 (fallthrough)
branch 19 taken 0 (throw)
        1:   21-block  6
call   20 returned 1
    $$$$$:   21-block  7
    $$$$$:   21-block  8
    $$$$$:   21-block  9
    $$$$$:   21-block 10
call   21 never executed
    $$$$$:   21-block 11
    $$$$$:   21-block 12
    $$$$$:   21-block 13
    $$$$$:   21-block 14
    $$$$$:   21-block 15
call   22 never executed
call   23 never executed
branch 24 never executed
branch 25 never executed
    $$$$$:   21-block 16
call   26 never executed
branch 27 never executed
branch 28 never executed
    $$$$$:   21-block 17
call   29 never executed
    $$$$$:   21-block 18
call   30 never executed
        1:   22:    REQUIRE(model.validMove(2, 1) == true);
        1:   22-block  0
call    0 returned 1
call    1 returned 1
call    2 returned 1
call    3 returned 1
branch  4 taken 1 (fallthrough)
branch  5 taken 0 (throw)
        1:   22-block  1
call    6 returned 1
call    7 returned 1
branch  8 taken 1 (fallthrough)
branch  9 taken 0 (throw)
        1:   22-block  2
call   10 returned 1
branch 11 taken 1 (fallthrough)
branch 12 taken 0 (throw)
        1:   22-block  3
call   13 returned 1
branch 14 taken 1 (fallthrough)
branch 15 taken 0 (throw)
        1:   22-block  4
call   16 returned 1
        1:   22-block  5
call   17 returned 1
branch 18 taken 1 (fallthrough)
branch 19 taken 0 (throw)
        1:   22-block  6
call   20 returned 1
    $$$$$:   22-block  7
    $$$$$:   22-block  8
    $$$$$:   22-block  9
    $$$$$:   22-block 10
call   21 never executed
    $$$$$:   22-block 11
    $$$$$:   22-block 12
    $$$$$:   22-block 13
    $$$$$:   22-block 14
    $$$$$:   22-block 15
call   22 never executed
call   23 never executed
branch 24 never executed
branch 25 never executed
    $$$$$:   22-block 16
call   26 never executed
branch 27 never executed
branch 28 never executed
    $$$$$:   22-block 17
call   29 never executed
    $$$$$:   22-block 18
call   30 never executed
        1:   23:    REQUIRE(model.validMove(2, 2) == true);
        1:   23-block  0
call    0 returned 1
call    1 returned 1
call    2 returned 1
call    3 returned 1
branch  4 taken 1 (fallthrough)
branch  5 taken 0 (throw)
        1:   23-block  1
call    6 returned 1
call    7 returned 1
branch  8 taken 1 (fallthrough)
branch  9 taken 0 (throw)
        1:   23-block  2
call   10 returned 1
branch 11 taken 1 (fallthrough)
branch 12 taken 0 (throw)
        1:   23-block  3
call   13 returned 1
branch 14 taken 1 (fallthrough)
branch 15 taken 0 (throw)
        1:   23-block  4
call   16 returned 1
        1:   23-block  5
call   17 returned 1
branch 18 taken 1 (fallthrough)
branch 19 taken 0 (throw)
        1:   23-block  6
call   20 returned 1
    $$$$$:   23-block  7
    $$$$$:   23-block  8
    $$$$$:   23-block  9
    $$$$$:   23-block 10
call   21 never executed
    $$$$$:   23-block 11
    $$$$$:   23-block 12
    $$$$$:   23-block 13
    $$$$$:   23-block 14
    $$$$$:   23-block 15
call   22 never executed
call   23 never executed
branch 24 never executed
branch 25 never executed
    $$$$$:   23-block 16
call   26 never executed
branch 27 never executed
branch 28 never executed
    $$$$$:   23-block 17
call   29 never executed
    $$$$$:   23-block 18
call   30 never executed
        -:   24:
        1:   25:    REQUIRE(model.validMove(-1, -1) == false);
        1:   25-block  0
call    0 returned 1
call    1 returned 1
call    2 returned 1
call    3 returned 1
branch  4 taken 1 (fallthrough)
branch  5 taken 0 (throw)
        1:   25-block  1
call    6 returned 1
call    7 returned 1
branch  8 taken 1 (fallthrough)
branch  9 taken 0 (throw)
        1:   25-block  2
call   10 returned 1
branch 11 taken 1 (fallthrough)
branch 12 taken 0 (throw)
        1:   25-block  3
call   13 returned 1
branch 14 taken 1 (fallthrough)
branch 15 taken 0 (throw)
        1:   25-block  4
call   16 returned 1
        1:   25-block  5
call   17 returned 1
branch 18 taken 1 (fallthrough)
branch 19 taken 0 (throw)
        1:   25-block  6
call   20 returned 1
    $$$$$:   25-block  7
    $$$$$:   25-block  8
    $$$$$:   25-block  9
    $$$$$:   25-block 10
call   21 never executed
    $$$$$:   25-block 11
    $$$$$:   25-block 12
    $$$$$:   25-block 13
    $$$$$:   25-block 14
    $$$$$:   25-block 15
call   22 never executed
call   23 never executed
branch 24 never executed
branch 25 never executed
    $$$$$:   25-block 16
call   26 never executed
branch 27 never executed
branch 28 never executed
    $$$$$:   25-block 17
call   29 never executed
    $$$$$:   25-block 18
call   30 never executed
        1:   26:    REQUIRE(model.validMove(3, 3) == false);
        1:   26-block  0
call    0 returned 1
call    1 returned 1
call    2 returned 1
call    3 returned 1
branch  4 taken 1 (fallthrough)
branch  5 taken 0 (throw)
        1:   26-block  1
call    6 returned 1
call    7 returned 1
branch  8 taken 1 (fallthrough)
branch  9 taken 0 (throw)
        1:   26-block  2
call   10 returned 1
branch 11 taken 1 (fallthrough)
branch 12 taken 0 (throw)
        1:   26-block  3
call   13 returned 1
branch 14 taken 1 (fallthrough)
branch 15 taken 0 (throw)
        1:   26-block  4
call   16 returned 1
        1:   26-block  5
call   17 returned 1
branch 18 taken 1 (fallthrough)
branch 19 taken 0 (throw)
        1:   26-block  6
call   20 returned 1
    $$$$$:   26-block  7
    $$$$$:   26-block  8
    $$$$$:   26-block  9
    $$$$$:   26-block 10
call   21 never executed
    $$$$$:   26-block 11
    $$$$$:   26-block 12
    $$$$$:   26-block 13
    $$$$$:   26-block 14
    $$$$$:   26-block 15
call   22 never executed
call   23 never executed
branch 24 never executed
branch 25 never executed
    $$$$$:   26-block 16
call   26 never executed
branch 27 never executed
branch 28 never executed
    $$$$$:   26-block 17
call   29 never executed
    $$$$$:   26-block 18
call   30 never executed
        1:   27:}
        -:   28:
function _ZL19C_A_T_C_H_T_E_S_T_2v called 1 returned 100% blocks executed 46%
        1:   29:TEST_CASE("Test gameOver") {
        1:   30:    MyModel model;
        1:   30-block  0
call    0 returned 1
branch  1 taken 1 (fallthrough)
branch  2 taken 0 (throw)
        1:   31:    model.setBoard(0, 0, 1);
        1:   31-block  0
call    0 returned 1
        1:   32:    model.setBoard(0, 1, 1);
call    0 returned 1
        1:   33:    model.setBoard(0, 2, 1);
call    0 returned 1
        1:   34:    REQUIRE(model.gameOver() == true);
call    0 returned 1
call    1 returned 1
call    2 returned 1
call    3 returned 1
branch  4 taken 1 (fallthrough)
branch  5 taken 0 (throw)
        1:   34-block  0
call    6 returned 1
call    7 returned 1
branch  8 taken 1 (fallthrough)
branch  9 taken 0 (throw)
        1:   34-block  1
call   10 returned 1
branch 11 taken 1 (fallthrough)
branch 12 taken 0 (throw)
        1:   34-block  2
call   13 returned 1
branch 14 taken 1 (fallthrough)
branch 15 taken 0 (throw)
        1:   34-block  3
call   16 returned 1
        1:   34-block  4
call   17 returned 1
branch 18 taken 1 (fallthrough)
branch 19 taken 0 (throw)
        1:   34-block  5
call   20 returned 1
    $$$$$:   34-block  6
    $$$$$:   34-block  7
    $$$$$:   34-block  8
    $$$$$:   34-block  9
call   21 never executed
    $$$$$:   34-block 10
    $$$$$:   34-block 11
    $$$$$:   34-block 12
    $$$$$:   34-block 13
    $$$$$:   34-block 14
call   22 never executed
call   23 never executed
branch 24 never executed
branch 25 never executed
    $$$$$:   34-block 15
call   26 never executed
branch 27 never executed
branch 28 never executed
    $$$$$:   34-block 16
call   29 never executed
    $$$$$:   34-block 17
call   30 never executed
        -:   35:
        1:   36:    model.newGame();
        1:   36-block  0
call    0 returned 1
        1:   37:    model.setBoard(0, 0, 1);
call    0 returned 1
        1:   38:    model.setBoard(1, 0, 1);
call    0 returned 1
        1:   39:    model.setBoard(2, 0, 1);
call    0 returned 1
        1:   40:    REQUIRE(model.gameOver() == true);
call    0 returned 1
call    1 returned 1
call    2 returned 1
call    3 returned 1
branch  4 taken 1 (fallthrough)
branch  5 taken 0 (throw)
        1:   40-block  0
call    6 returned 1
call    7 returned 1
branch  8 taken 1 (fallthrough)
branch  9 taken 0 (throw)
        1:   40-block  1
call   10 returned 1
branch 11 taken 1 (fallthrough)
branch 12 taken 0 (throw)
        1:   40-block  2
call   13 returned 1
branch 14 taken 1 (fallthrough)
branch 15 taken 0 (throw)
        1:   40-block  3
call   16 returned 1
        1:   40-block  4
call   17 returned 1
branch 18 taken 1 (fallthrough)
branch 19 taken 0 (throw)
        1:   40-block  5
call   20 returned 1
    $$$$$:   40-block  6
    $$$$$:   40-block  7
    $$$$$:   40-block  8
    $$$$$:   40-block  9
call   21 never executed
    $$$$$:   40-block 10
    $$$$$:   40-block 11
    $$$$$:   40-block 12
    $$$$$:   40-block 13
    $$$$$:   40-block 14
call   22 never executed
call   23 never executed
branch 24 never executed
branch 25 never executed
    $$$$$:   40-block 15
call   26 never executed
branch 27 never executed
branch 28 never executed
    $$$$$:   40-block 16
call   29 never executed
    $$$$$:   40-block 17
call   30 never executed
        -:   41:
        1:   42:    model.newGame();
        1:   42-block  0
call    0 returned 1
        1:   43:    model.setBoard(0, 0, 1);
call    0 returned 1
        1:   44:    model.setBoard(1, 1, 1);
call    0 returned 1
        1:   45:    model.setBoard(2, 2, 1);
call    0 returned 1
        1:   46:    REQUIRE(model.gameOver() == true);
call    0 returned 1
call    1 returned 1
call    2 returned 1
call    3 returned 1
branch  4 taken 1 (fallthrough)
branch  5 taken 0 (throw)
        1:   46-block  0
call    6 returned 1
call    7 returned 1
branch  8 taken 1 (fallthrough)
branch  9 taken 0 (throw)
        1:   46-block  1
call   10 returned 1
branch 11 taken 1 (fallthrough)
branch 12 taken 0 (throw)
        1:   46-block  2
call   13 returned 1
branch 14 taken 1 (fallthrough)
branch 15 taken 0 (throw)
        1:   46-block  3
call   16 returned 1
        1:   46-block  4
call   17 returned 1
branch 18 taken 1 (fallthrough)
branch 19 taken 0 (throw)
        1:   46-block  5
call   20 returned 1
    $$$$$:   46-block  6
    $$$$$:   46-block  7
    $$$$$:   46-block  8
    $$$$$:   46-block  9
call   21 never executed
    $$$$$:   46-block 10
    $$$$$:   46-block 11
    $$$$$:   46-block 12
    $$$$$:   46-block 13
    $$$$$:   46-block 14
call   22 never executed
call   23 never executed
branch 24 never executed
branch 25 never executed
    $$$$$:   46-block 15
call   26 never executed
branch 27 never executed
branch 28 never executed
    $$$$$:   46-block 16
call   29 never executed
    $$$$$:   46-block 17
call   30 never executed
        -:   47:
        1:   48:    model.newGame();
        1:   48-block  0
call    0 returned 1
        1:   49:    model.setBoard(0, 2, 1);
call    0 returned 1
        1:   50:    model.setBoard(1, 1, 1);
call    0 returned 1
        1:   51:    model.setBoard(2, 0, 1);
call    0 returned 1
        1:   52:    REQUIRE(model.gameOver() == true);
call    0 returned 1
call    1 returned 1
call    2 returned 1
call    3 returned 1
branch  4 taken 1 (fallthrough)
branch  5 taken 0 (throw)
        1:   52-block  0
call    6 returned 1
call    7 returned 1
branch  8 taken 1 (fallthrough)
branch  9 taken 0 (throw)
        1:   52-block  1
call   10 returned 1
branch 11 taken 1 (fallthrough)
branch 12 taken 0 (throw)
        1:   52-block  2
call   13 returned 1
branch 14 taken 1 (fallthrough)
branch 15 taken 0 (throw)
        1:   52-block  3
call   16 returned 1
        1:   52-block  4
call   17 returned 1
branch 18 taken 1 (fallthrough)
branch 19 taken 0 (throw)
        1:   52-block  5
call   20 returned 1
    $$$$$:   52-block  6
    $$$$$:   52-block  7
    $$$$$:   52-block  8
    $$$$$:   52-block  9
call   21 never executed
    $$$$$:   52-block 10
    $$$$$:   52-block 11
    $$$$$:   52-block 12
    $$$$$:   52-block 13
    $$$$$:   52-block 14
call   22 never executed
call   23 never executed
branch 24 never executed
branch 25 never executed
    $$$$$:   52-block 15
call   26 never executed
branch 27 never executed
branch 28 never executed
    $$$$$:   52-block 16
call   29 never executed
    $$$$$:   52-block 17
call   30 never executed
        -:   53:
        1:   54:    model.newGame();
        1:   54-block  0
call    0 returned 1
        1:   55:    model.setBoard(1, 0, 1);
call    0 returned 1
        1:   56:    model.setBoard(1, 1, 1);
call    0 returned 1
        1:   57:    model.setBoard(1, 2, 1);
call    0 returned 1
        1:   58:    REQUIRE(model.gameOver() == true);
call    0 returned 1
call    1 returned 1
call    2 returned 1
call    3 returned 1
branch  4 taken 1 (fallthrough)
branch  5 taken 0 (throw)
        1:   58-block  0
call    6 returned 1
call    7 returned 1
branch  8 taken 1 (fallthrough)
branch  9 taken 0 (throw)
        1:   58-block  1
call   10 returned 1
branch 11 taken 1 (fallthrough)
branch 12 taken 0 (throw)
        1:   58-block  2
call   13 returned 1
branch 14 taken 1 (fallthrough)
branch 15 taken 0 (throw)
        1:   58-block  3
call   16 returned 1
        1:   58-block  4
call   17 returned 1
branch 18 taken 1 (fallthrough)
branch 19 taken 0 (throw)
        1:   58-block  5
call   20 returned 1
    $$$$$:   58-block  6
    $$$$$:   58-block  7
    $$$$$:   58-block  8
    $$$$$:   58-block  9
call   21 never executed
    $$$$$:   58-block 10
    $$$$$:   58-block 11
    $$$$$:   58-block 12
    $$$$$:   58-block 13
    $$$$$:   58-block 14
call   22 never executed
call   23 never executed
branch 24 never executed
branch 25 never executed
    $$$$$:   58-block 15
call   26 never executed
branch 27 never executed
branch 28 never executed
    $$$$$:   58-block 16
call   29 never executed
    $$$$$:   58-block 17
call   30 never executed
        -:   59:
        1:   60:    model.newGame();
        1:   60-block  0
call    0 returned 1
        1:   61:    model.setBoard(2, 0, 1);
call    0 returned 1
        1:   62:    model.setBoard(2, 1, 1);
call    0 returned 1
        1:   63:    model.setBoard(2, 2, 1);
call    0 returned 1
        1:   64:    REQUIRE(model.gameOver() == true);
call    0 returned 1
call    1 returned 1
call    2 returned 1
call    3 returned 1
branch  4 taken 1 (fallthrough)
branch  5 taken 0 (throw)
        1:   64-block  0
call    6 returned 1
call    7 returned 1
branch  8 taken 1 (fallthrough)
branch  9 taken 0 (throw)
        1:   64-block  1
call   10 returned 1
branch 11 taken 1 (fallthrough)
branch 12 taken 0 (throw)
        1:   64-block  2
call   13 returned 1
branch 14 taken 1 (fallthrough)
branch 15 taken 0 (throw)
        1:   64-block  3
call   16 returned 1
        1:   64-block  4
call   17 returned 1
branch 18 taken 1 (fallthrough)
branch 19 taken 0 (throw)
        1:   64-block  5
call   20 returned 1
    $$$$$:   64-block  6
    $$$$$:   64-block  7
    $$$$$:   64-block  8
    $$$$$:   64-block  9
call   21 never executed
    $$$$$:   64-block 10
    $$$$$:   64-block 11
    $$$$$:   64-block 12
    $$$$$:   64-block 13
    $$$$$:   64-block 14
call   22 never executed
call   23 never executed
branch 24 never executed
branch 25 never executed
    $$$$$:   64-block 15
call   26 never executed
branch 27 never executed
branch 28 never executed
    $$$$$:   64-block 16
call   29 never executed
    $$$$$:   64-block 17
call   30 never executed
        -:   65:
        1:   66:    model.newGame();
        1:   66-block  0
call    0 returned 1
        1:   67:    model.setBoard(0, 1, 1);
call    0 returned 1
        1:   68:    model.setBoard(1, 1, 1);
call    0 returned 1
        1:   69:    model.setBoard(2, 1, 1);
call    0 returned 1
        1:   70:    REQUIRE(model.gameOver() == true);
call    0 returned 1
call    1 returned 1
call    2 returned 1
call    3 returned 1
branch  4 taken 1 (fallthrough)
branch  5 taken 0 (throw)
        1:   70-block  0
call    6 returned 1
call    7 returned 1
branch  8 taken 1 (fallthrough)
branch  9 taken 0 (throw)
        1:   70-block  1
call   10 returned 1
branch 11 taken 1 (fallthrough)
branch 12 taken 0 (throw)
        1:   70-block  2
call   13 returned 1
branch 14 taken 1 (fallthrough)
branch 15 taken 0 (throw)
        1:   70-block  3
call   16 returned 1
        1:   70-block  4
call   17 returned 1
branch 18 taken 1 (fallthrough)
branch 19 taken 0 (throw)
        1:   70-block  5
call   20 returned 1
    $$$$$:   70-block  6
    $$$$$:   70-block  7
    $$$$$:   70-block  8
    $$$$$:   70-block  9
call   21 never executed
    $$$$$:   70-block 10
    $$$$$:   70-block 11
    $$$$$:   70-block 12
    $$$$$:   70-block 13
    $$$$$:   70-block 14
call   22 never executed
call   23 never executed
branch 24 never executed
branch 25 never executed
    $$$$$:   70-block 15
call   26 never executed
branch 27 never executed
branch 28 never executed
    $$$$$:   70-block 16
call   29 never executed
    $$$$$:   70-block 17
call   30 never executed
        -:   71:
        1:   72:    model.newGame();
        1:   72-block  0
call    0 returned 1
        1:   73:    model.setBoard(0, 2, 1);
call    0 returned 1
        1:   74:    model.setBoard(1, 2, 1);
call    0 returned 1
        1:   75:    model.setBoard(2, 2, 1);
call    0 returned 1
        1:   76:    REQUIRE(model.gameOver() == true);
call    0 returned 1
call    1 returned 1
call    2 returned 1
call    3 returned 1
branch  4 taken 1 (fallthrough)
branch  5 taken 0 (throw)
        1:   76-block  0
call    6 returned 1
call    7 returned 1
branch  8 taken 1 (fallthrough)
branch  9 taken 0 (throw)
        1:   76-block  1
call   10 returned 1
branch 11 taken 1 (fallthrough)
branch 12 taken 0 (throw)
        1:   76-block  2
call   13 returned 1
branch 14 taken 1 (fallthrough)
branch 15 taken 0 (throw)
        1:   76-block  3
call   16 returned 1
        1:   76-block  4
call   17 returned 1
branch 18 taken 1 (fallthrough)
branch 19 taken 0 (throw)
        1:   76-block  5
call   20 returned 1
    $$$$$:   76-block  6
    $$$$$:   76-block  7
    $$$$$:   76-block  8
    $$$$$:   76-block  9
call   21 never executed
    $$$$$:   76-block 10
    $$$$$:   76-block 11
    $$$$$:   76-block 12
    $$$$$:   76-block 13
    $$$$$:   76-block 14
call   22 never executed
call   23 never executed
branch 24 never executed
branch 25 never executed
    $$$$$:   76-block 15
call   26 never executed
branch 27 never executed
branch 28 never executed
    $$$$$:   76-block 16
call   29 never executed
    $$$$$:   76-block 17
call   30 never executed
        1:   77:}
        -:   78:
        -:   79:
